2024-09-29 12:44:37 - [32minfo[39m: Creating configuration file...
2024-09-29 12:44:37 - [34mdebug[39m: Unable to resolve module with requireModuleV3 with error: Error: Cannot find module 'selenium-webdriver'
Require stack:
- C:\Users\Public\Automation\node_modules\browserstack-node-sdk\src\helpers\helper.js
- C:\Users\Public\Automation\node_modules\browserstack-node-sdk\src\bin\setup.js
2024-09-29 12:44:37 - [34mdebug[39m: requireModuleV2 :: module - selenium-webdriver/package.json, package - selenium-webdriver
2024-09-29 12:44:37 - [34mdebug[39m: Getting selenium-webdriver/package.json from C:\Users\Public\Automation
2024-09-29 12:44:37 - [34mdebug[39m: selenium-webdriver/package.json doesn't exist at C:\Users\Public\Automation
2024-09-29 12:44:37 - [34mdebug[39m: Getting selenium-webdriver/package.json from path C:\Users\Public\Automation
2024-09-29 12:44:37 - [34mdebug[39m: Getting selenium-webdriver/package.json from C:\Users\prasath.r\AppData\Roaming\npm\node_modules
2024-09-29 12:44:37 - [34mdebug[39m: Error while loading package. Error: selenium-webdriver/package.json doesn't exist.
2024-09-29 12:44:37 - [34mdebug[39m: Firing SDK event for funnel data: {"userName":"automation_daChIs","accessKey":"MSc2zsSqYFK2FdxaiVNd","event_type":"SDKSetup","detectedFramework":"","optimalHubUrl":[],"event_properties":{"testhub_uuid":"","product_map":{"observability":true,"accessibility":false,"percy":false,"automate":true,"app_automate":false,"turboscale":false},"productMap":{"observability":true,"accessibility":false,"percy":false,"automate":true,"app_automate":false,"turboscale":false},"language_framework":"node-setup","referrer":"nodeagent/1.34.17","frameworkVersion":null,"language":"nodejs","product":["automate","observability"],"languageVersion":"v18.17.1","buildName":"browserstack build","buildIdentifier":"#${BUILD_NUMBER}","os":"Windows_NT","hostname":"NT145","seleniumVersion":null}}
2024-09-29 12:44:37 - [32minfo[39m: Adding new script(s) in package.json...
2024-09-29 12:44:37 - [32minfo[39m: Setup completed
2024-09-29 12:44:38 - [34mdebug[39m: API Event SDKSetup response - {"data":{"message":"SDK Event recorded successfully"},"body":"{\"message\":\"SDK Event recorded successfully\"}","statusCode":200}
2024-09-29 12:48:46 - [32minfo[39m: Reading configs from C:\Users\Public\Automation\browserstack.yml
2024-09-29 12:48:46 - [31merror[39m: expected a single document in the stream, but found more
2024-09-29 12:48:46 - [31merror[39m: Error: expected a single document in the stream, but found more
    at new BrowserStackSetup (C:\Users\Public\Automation\node_modules\browserstack-node-sdk\src\helpers\BrowserStackSetup.js:1:8537)
    at run (C:\Users\Public\Automation\node_modules\browserstack-node-sdk\src\bin\playwright\command.js:2:7407)
    at Object.fjPEk (C:\Users\Public\Automation\node_modules\browserstack-node-sdk\src\bin\runner.js:2:1180)
    at captureError (C:\Users\Public\Automation\node_modules\browserstack-node-sdk\src\bin\runner.js:2:1275)
    at Object.Rhktk (C:\Users\Public\Automation\node_modules\browserstack-node-sdk\src\bin\runner.js:2:8603)
    at C:\Users\Public\Automation\node_modules\browserstack-node-sdk\src\bin\runner.js:2:8829
    at _.applyBuilderUpdateUsageAndParse (C:\Users\Public\Automation\node_modules\yargs\build\index.cjs:1:7435)
    at _.runCommand (C:\Users\Public\Automation\node_modules\yargs\build\index.cjs:1:7078)
    at [runYargsParserAndExecuteCommands] (C:\Users\Public\Automation\node_modules\yargs\build\index.cjs:1:58539)
    at te.parse (C:\Users\Public\Automation\node_modules\yargs\build\index.cjs:1:40478)
2024-09-29 12:48:46 - [34mdebug[39m: requireModuleV2 :: module - @playwright/test/package.json, package - @playwright/test
2024-09-29 12:48:46 - [34mdebug[39m: requireModuleV2 :: module - playwright/lib/transform/transform.js, package - playwright
2024-09-29 12:48:46 - [34mdebug[39m: Getting playwright/lib/transform/transform.js from C:\Users\Public\Automation
2024-09-29 12:48:47 - [34mdebug[39m: Firing SDK event for funnel data: {"event_type":"SDKTestSuccessful","detectedFramework":"Playwright","optimalHubUrl":[],"event_properties":{"testhub_uuid":"","product_map":{"observability":true,"accessibility":false,"percy":false,"automate":true,"app_automate":false,"turboscale":false},"productMap":{"observability":true,"accessibility":false,"percy":false,"automate":true,"app_automate":false,"turboscale":false},"language_framework":"unknown","referrer":"Playwright-nodeagent/1.34.17","frameworkVersion":"1.47.2","language":"nodejs","product":["automate","observability"],"languageVersion":"v18.17.1","buildName":"undefined","buildIdentifier":"null","os":"Windows_NT","hostname":"NT145","globalException":"expected a single document in the stream, but found more","browserStackConfig":{"platforms":[],"testContextOptions":{}},"playwrightVersion":{}}}
2024-09-29 12:48:47 - [34mdebug[39m: Error in firing request to sdk/v1/event : { message: 'Unauthorized' }
2024-09-29 12:51:03 - [32minfo[39m: Reading configs from C:\Users\Public\Automation\browserstack.yml
2024-09-29 12:51:03 - [31merror[39m: expected a single document in the stream, but found more
2024-09-29 12:51:03 - [31merror[39m: Error: expected a single document in the stream, but found more
    at new BrowserStackSetup (C:\Users\Public\Automation\node_modules\browserstack-node-sdk\src\helpers\BrowserStackSetup.js:1:8537)
    at run (C:\Users\Public\Automation\node_modules\browserstack-node-sdk\src\bin\playwright\command.js:2:7407)
    at Object.fjPEk (C:\Users\Public\Automation\node_modules\browserstack-node-sdk\src\bin\runner.js:2:1180)
    at captureError (C:\Users\Public\Automation\node_modules\browserstack-node-sdk\src\bin\runner.js:2:1275)
    at Object.Rhktk (C:\Users\Public\Automation\node_modules\browserstack-node-sdk\src\bin\runner.js:2:8603)
    at C:\Users\Public\Automation\node_modules\browserstack-node-sdk\src\bin\runner.js:2:8829
    at _.applyBuilderUpdateUsageAndParse (C:\Users\Public\Automation\node_modules\yargs\build\index.cjs:1:7435)
    at _.runCommand (C:\Users\Public\Automation\node_modules\yargs\build\index.cjs:1:7078)
    at [runYargsParserAndExecuteCommands] (C:\Users\Public\Automation\node_modules\yargs\build\index.cjs:1:58539)
    at te.parse (C:\Users\Public\Automation\node_modules\yargs\build\index.cjs:1:40478)
2024-09-29 12:51:03 - [34mdebug[39m: requireModuleV2 :: module - @playwright/test/package.json, package - @playwright/test
2024-09-29 12:51:03 - [34mdebug[39m: requireModuleV2 :: module - playwright/lib/transform/transform.js, package - playwright
2024-09-29 12:51:03 - [34mdebug[39m: Getting playwright/lib/transform/transform.js from C:\Users\Public\Automation
2024-09-29 12:51:03 - [34mdebug[39m: Firing SDK event for funnel data: {"event_type":"SDKTestSuccessful","detectedFramework":"Playwright","optimalHubUrl":[],"event_properties":{"testhub_uuid":"","product_map":{"observability":true,"accessibility":false,"percy":false,"automate":true,"app_automate":false,"turboscale":false},"productMap":{"observability":true,"accessibility":false,"percy":false,"automate":true,"app_automate":false,"turboscale":false},"language_framework":"unknown","referrer":"Playwright-nodeagent/1.34.17","frameworkVersion":"1.47.2","language":"nodejs","product":["automate","observability"],"languageVersion":"v18.17.1","buildName":"undefined","buildIdentifier":"null","os":"Windows_NT","hostname":"NT145","globalException":"expected a single document in the stream, but found more","browserStackConfig":{"platforms":[],"testContextOptions":{}},"playwrightVersion":{}}}
2024-09-29 12:51:04 - [34mdebug[39m: Error in firing request to sdk/v1/event : { message: 'Unauthorized' }
2024-09-29 12:52:35 - [32minfo[39m: Reading configs from C:\Users\Public\Automation\browserstack.yml
2024-09-29 12:52:35 - [31merror[39m: expected a single document in the stream, but found more
2024-09-29 12:52:35 - [31merror[39m: Error: expected a single document in the stream, but found more
    at new BrowserStackSetup (C:\Users\Public\Automation\node_modules\browserstack-node-sdk\src\helpers\BrowserStackSetup.js:1:8537)
    at run (C:\Users\Public\Automation\node_modules\browserstack-node-sdk\src\bin\playwright\command.js:2:7407)
    at Object.fjPEk (C:\Users\Public\Automation\node_modules\browserstack-node-sdk\src\bin\runner.js:2:1180)
    at captureError (C:\Users\Public\Automation\node_modules\browserstack-node-sdk\src\bin\runner.js:2:1275)
    at Object.Rhktk (C:\Users\Public\Automation\node_modules\browserstack-node-sdk\src\bin\runner.js:2:8603)
    at C:\Users\Public\Automation\node_modules\browserstack-node-sdk\src\bin\runner.js:2:8829
    at _.applyBuilderUpdateUsageAndParse (C:\Users\Public\Automation\node_modules\yargs\build\index.cjs:1:7435)
    at _.runCommand (C:\Users\Public\Automation\node_modules\yargs\build\index.cjs:1:7078)
    at [runYargsParserAndExecuteCommands] (C:\Users\Public\Automation\node_modules\yargs\build\index.cjs:1:58539)
    at te.parse (C:\Users\Public\Automation\node_modules\yargs\build\index.cjs:1:40478)
2024-09-29 12:52:35 - [34mdebug[39m: requireModuleV2 :: module - @playwright/test/package.json, package - @playwright/test
2024-09-29 12:52:35 - [34mdebug[39m: requireModuleV2 :: module - playwright/lib/transform/transform.js, package - playwright
2024-09-29 12:52:35 - [34mdebug[39m: Getting playwright/lib/transform/transform.js from C:\Users\Public\Automation
2024-09-29 12:52:36 - [34mdebug[39m: Firing SDK event for funnel data: {"event_type":"SDKTestSuccessful","detectedFramework":"Playwright","optimalHubUrl":[],"event_properties":{"testhub_uuid":"","product_map":{"observability":true,"accessibility":false,"percy":false,"automate":true,"app_automate":false,"turboscale":false},"productMap":{"observability":true,"accessibility":false,"percy":false,"automate":true,"app_automate":false,"turboscale":false},"language_framework":"unknown","referrer":"Playwright-nodeagent/1.34.17","frameworkVersion":"1.47.2","language":"nodejs","product":["automate","observability"],"languageVersion":"v18.17.1","buildName":"undefined","buildIdentifier":"null","os":"Windows_NT","hostname":"NT145","globalException":"expected a single document in the stream, but found more","browserStackConfig":{"platforms":[],"testContextOptions":{}},"playwrightVersion":{}}}
2024-09-29 12:52:37 - [34mdebug[39m: Error in firing request to sdk/v1/event : { message: 'Unauthorized' }
